app_cplus/build/outputs/logs/manifest-merger-debug-report.txt
-- Merging decision tree log ---
manifest
ADDED from src\main\AndroidManifest.xml:2:1-26:12
INJECTED from src\main\AndroidManifest.xml:2:1-26:12
INJECTED from src\main\AndroidManifest.xml:2:1-26:12
	package
		ADDED from src\main\AndroidManifest.xml:3:11-44
		INJECTED from src\main\AndroidManifest.xml
		INJECTED from src\main\AndroidManifest.xml
	xmlns:android
		ADDED from src\main\AndroidManifest.xml:2:11-69
uses-feature#0x00020000
ADDED from src\main\AndroidManifest.xml:5:3-52
	android:glEsVersion
		ADDED from src\main\AndroidManifest.xml:5:17-49
uses-permission#android.permission.INTERNET
ADDED from src\main\AndroidManifest.xml:8:3-81
	android:name
		ADDED from src\main\AndroidManifest.xml:8:20-62
uses-permission#android.permission.WRITE_EXTERNAL_STORAGE
ADDED from src\main\AndroidManifest.xml:9:3-95
	android:name
		ADDED from src\main\AndroidManifest.xml:9:20-76
uses-permission#android.permission.READ_EXTERNAL_STORAGE
ADDED from src\main\AndroidManifest.xml:11:3-94
	android:name
		ADDED from src\main\AndroidManifest.xml:11:20-75
application
ADDED from src\main\AndroidManifest.xml:13:3-25:17
	android:label
		ADDED from src\main\AndroidManifest.xml:17:7-39
	android:fullBackupContent
		ADDED from src\main\AndroidManifest.xml:15:7-40
	android:icon
		ADDED from src\main\AndroidManifest.xml:16:7-41
	android:allowBackup
		ADDED from src\main\AndroidManifest.xml:14:7-34
activity#com.example.nativecodec.NativeCodec
ADDED from src\main\AndroidManifest.xml:18:5-24:16
	android:label
		ADDED from src\main\AndroidManifest.xml:19:15-47
	android:name
		ADDED from src\main\AndroidManifest.xml:18:15-42
intent-filter#android.intent.action.MAIN+android.intent.category.LAUNCHER
ADDED from src\main\AndroidManifest.xml:20:7-23:23
action#android.intent.action.MAIN
ADDED from src\main\AndroidManifest.xml:21:9-61
	android:name
		ADDED from src\main\AndroidManifest.xml:21:17-58
category#android.intent.category.LAUNCHER
ADDED from src\main\AndroidManifest.xml:22:9-69
	android:name
		ADDED from src\main\AndroidManifest.xml:22:19-66
uses-sdk
INJECTED from src\main\AndroidManifest.xml reason: use-sdk injection requested
INJECTED from src\main\AndroidManifest.xml
INJECTED from src\main\AndroidManifest.xml
INJECTED from src\main\AndroidManifest.xml
INJECTED from src\main\AndroidManifest.xml
	android:targetSdkVersion
		INJECTED from src\main\AndroidManifest.xml
		ADDED from src\main\AndroidManifest.xml
		INJECTED from src\main\AndroidManifest.xml
	android:minSdkVersion
		INJECTED from src\main\AndroidManifest.xml
		ADDED from src\main\AndroidManifest.xml
		INJECTED from src\main\AndroidManifest.xml